TN:
SF:app.js
FNF:0
FNH:0
DA:2,5
DA:3,5
DA:5,5
DA:6,5
DA:8,5
DA:11,5
DA:13,5
DA:15,5
DA:19,5
DA:33,5
LF:10
LH:10
BRF:0
BRH:0
end_of_record
TN:
SF:config\mongodb.js
FN:7,connect
FN:21,getDatabase
FNF:2
FNH:2
FNDA:5,connect
FNDA:22,getDatabase
DA:1,5
DA:4,5
DA:5,5
DA:8,5
DA:9,5
DA:10,5
DA:12,5
DA:13,5
DA:15,5
DA:16,5
DA:18,5
DA:22,22
DA:25,5
LF:13
LH:13
BRDA:10,0,0,5
BRDA:10,0,1,0
BRF:2
BRH:1
end_of_record
TN:
SF:controllers\authController.js
FN:7,(anonymous_0)
FN:15,(anonymous_1)
FN:26,(anonymous_2)
FN:48,(anonymous_3)
FN:91,(anonymous_4)
FNF:5
FNH:3
FNDA:0,(anonymous_0)
FNDA:1,(anonymous_1)
FNDA:1,(anonymous_2)
FNDA:1,(anonymous_3)
FNDA:0,(anonymous_4)
DA:1,5
DA:2,5
DA:3,5
DA:4,5
DA:8,0
DA:9,0
DA:10,0
DA:12,0
DA:16,1
DA:17,1
DA:18,1
DA:19,1
DA:20,1
DA:21,1
DA:23,0
DA:27,1
DA:28,1
DA:29,1
DA:30,1
DA:32,1
DA:33,1
DA:34,1
DA:39,1
DA:40,1
DA:41,1
DA:45,0
DA:49,1
DA:50,1
DA:51,1
DA:52,1
DA:53,1
DA:57,0
DA:59,0
DA:60,0
DA:61,0
DA:62,0
DA:67,0
DA:68,0
DA:69,0
DA:71,0
DA:76,0
DA:77,0
DA:82,0
DA:83,0
DA:84,0
DA:88,1
DA:92,0
DA:93,0
DA:94,0
DA:95,0
DA:97,0
DA:102,5
LF:52
LH:27
BRDA:12,0,0,0
BRDA:12,0,1,0
BRDA:23,1,0,0
BRDA:23,1,1,0
BRDA:32,2,0,1
BRDA:32,2,1,0
BRDA:33,3,0,1
BRDA:33,3,1,0
BRDA:45,4,0,0
BRDA:45,4,1,0
BRDA:61,5,0,0
BRDA:61,5,1,0
BRDA:88,6,0,0
BRDA:88,6,1,0
BRDA:97,7,0,0
BRDA:97,7,1,0
BRF:16
BRH:2
end_of_record
TN:
SF:controllers\quizController.js
FN:4,(anonymous_0)
FN:6,(anonymous_1)
FN:9,(anonymous_2)
FN:14,(anonymous_3)
FN:21,(anonymous_4)
FN:28,(anonymous_5)
FN:33,(anonymous_6)
FN:40,(anonymous_7)
FN:47,(anonymous_8)
FN:52,(anonymous_9)
FN:64,(anonymous_10)
FN:73,(anonymous_11)
FN:78,(anonymous_12)
FN:86,(anonymous_13)
FN:95,(anonymous_14)
FNF:15
FNH:13
FNDA:1,(anonymous_0)
FNDA:1,(anonymous_1)
FNDA:0,(anonymous_2)
FNDA:3,(anonymous_3)
FNDA:2,(anonymous_4)
FNDA:1,(anonymous_5)
FNDA:2,(anonymous_6)
FNDA:2,(anonymous_7)
FNDA:0,(anonymous_8)
FNDA:4,(anonymous_9)
FNDA:3,(anonymous_10)
FNDA:1,(anonymous_11)
FNDA:3,(anonymous_12)
FNDA:2,(anonymous_13)
FNDA:1,(anonymous_14)
DA:1,5
DA:5,1
DA:7,1
DA:10,0
DA:15,3
DA:16,3
DA:17,1
DA:20,3
DA:22,2
DA:23,1
DA:25,1
DA:29,1
DA:34,2
DA:39,2
DA:41,2
DA:42,1
DA:44,1
DA:48,0
DA:53,4
DA:57,4
DA:59,4
DA:60,1
DA:63,4
DA:65,3
DA:66,1
DA:67,2
DA:68,1
DA:70,1
DA:74,1
DA:79,3
DA:81,3
DA:82,1
DA:85,3
DA:87,2
DA:88,1
DA:92,1
DA:96,1
DA:101,5
LF:38
LH:36
BRDA:16,0,0,1
BRDA:16,0,1,2
BRDA:22,1,0,1
BRDA:22,1,1,1
BRDA:41,2,0,1
BRDA:41,2,1,1
BRDA:59,3,0,1
BRDA:59,3,1,3
BRDA:65,4,0,1
BRDA:65,4,1,2
BRDA:67,5,0,1
BRDA:67,5,1,1
BRDA:81,6,0,1
BRDA:81,6,1,2
BRDA:87,7,0,1
BRDA:87,7,1,1
BRF:16
BRH:16
end_of_record
TN:
SF:controllers\reportController.js
FN:4,(anonymous_0)
FN:15,(anonymous_1)
FN:18,(anonymous_2)
FN:25,(anonymous_3)
FN:30,(anonymous_4)
FN:54,(anonymous_5)
FN:58,(anonymous_6)
FN:66,(anonymous_7)
FNF:8
FNH:6
FNDA:1,(anonymous_0)
FNDA:2,(anonymous_1)
FNDA:2,(anonymous_2)
FNDA:0,(anonymous_3)
FNDA:2,(anonymous_4)
FNDA:2,(anonymous_5)
FNDA:2,(anonymous_6)
FNDA:0,(anonymous_7)
DA:1,5
DA:5,1
DA:7,1
DA:8,1
DA:11,0
DA:16,2
DA:17,2
DA:19,2
DA:20,1
DA:22,1
DA:26,0
DA:31,2
DA:32,2
DA:34,2
DA:35,2
DA:36,2
DA:37,2
DA:38,2
DA:39,2
DA:41,2
DA:42,1
DA:44,2
DA:46,2
DA:47,2
DA:50,1
DA:55,2
DA:57,2
DA:59,2
DA:60,1
DA:63,1
DA:67,0
DA:72,5
LF:32
LH:29
BRDA:19,0,0,1
BRDA:19,0,1,1
BRDA:35,1,0,2
BRDA:35,1,1,1
BRDA:36,2,0,2
BRDA:36,2,1,0
BRDA:37,3,0,2
BRDA:37,3,1,0
BRDA:38,4,0,2
BRDA:38,4,1,0
BRDA:39,5,0,2
BRDA:39,5,1,0
BRDA:41,6,0,1
BRDA:41,6,1,1
BRDA:59,7,0,1
BRDA:59,7,1,1
BRF:16
BRH:12
end_of_record
TN:
SF:helpers\bcrypt.js
FN:3,(anonymous_0)
FN:7,(anonymous_1)
FNF:2
FNH:2
FNDA:1,(anonymous_0)
FNDA:1,(anonymous_1)
DA:1,5
DA:3,5
DA:4,1
DA:7,5
DA:8,1
DA:11,5
LF:6
LH:6
BRF:0
BRH:0
end_of_record
TN:
SF:helpers\jwt.js
FN:3,(anonymous_0)
FN:6,(anonymous_1)
FNF:2
FNH:1
FNDA:1,(anonymous_0)
FNDA:0,(anonymous_1)
DA:1,5
DA:3,5
DA:4,1
DA:6,5
DA:7,0
DA:10,5
LF:6
LH:5
BRF:0
BRH:0
end_of_record
TN:
SF:middlewares\errorHandler.js
FN:1,errorHandler
FN:7,(anonymous_1)
FN:12,(anonymous_2)
FN:18,(anonymous_3)
FN:25,(anonymous_4)
FNF:5
FNH:3
FNDA:11,errorHandler
FNDA:5,(anonymous_1)
FNDA:10,(anonymous_2)
FNDA:0,(anonymous_3)
FNDA:0,(anonymous_4)
DA:2,11
DA:5,11
DA:6,5
DA:7,5
DA:8,5
DA:10,6
DA:11,6
DA:12,6
DA:13,10
DA:16,0
DA:17,0
DA:18,0
DA:19,0
DA:23,0
DA:24,0
DA:25,0
DA:26,0
DA:30,0
DA:31,0
DA:34,11
DA:72,5
LF:21
LH:11
BRDA:5,0,0,5
BRDA:5,0,1,6
BRDA:10,1,0,6
BRDA:10,1,1,0
BRDA:16,2,0,0
BRDA:16,2,1,0
BRDA:23,3,0,0
BRDA:23,3,1,0
BRF:8
BRH:3
end_of_record
TN:
SF:models\kahoot.js
FN:6,(anonymous_0)
FN:9,(anonymous_1)
FN:14,(anonymous_2)
FN:17,(anonymous_3)
FN:20,(anonymous_4)
FN:23,(anonymous_5)
FN:29,(anonymous_6)
FNF:7
FNH:2
FNDA:0,(anonymous_0)
FNDA:1,(anonymous_1)
FNDA:1,(anonymous_2)
FNDA:0,(anonymous_3)
FNDA:0,(anonymous_4)
FNDA:0,(anonymous_5)
FNDA:0,(anonymous_6)
DA:1,5
DA:2,5
DA:3,5
DA:7,0
DA:10,1
DA:11,1
DA:12,1
DA:15,1
DA:18,0
DA:21,0
DA:24,0
DA:30,0
DA:33,5
LF:13
LH:8
BRF:0
BRH:0
end_of_record
TN:
SF:models\quizModel.js
FN:5,(anonymous_0)
FN:12,(anonymous_1)
FN:23,(anonymous_2)
FN:56,(anonymous_3)
FN:97,(anonymous_4)
FNF:5
FNH:5
FNDA:1,(anonymous_0)
FNDA:3,(anonymous_1)
FNDA:2,(anonymous_2)
FNDA:4,(anonymous_3)
FNDA:3,(anonymous_4)
DA:1,5
DA:2,5
DA:7,1
DA:8,1
DA:9,1
DA:14,3
DA:16,3
DA:20,2
DA:24,2
DA:25,2
DA:26,2
DA:29,2
DA:30,1
DA:32,2
DA:33,0
DA:36,2
DA:37,1
DA:39,2
DA:40,1
DA:43,2
DA:44,1
DA:47,1
DA:49,1
DA:51,1
DA:53,1
DA:57,4
DA:59,4
DA:62,4
DA:63,1
DA:65,4
DA:66,0
DA:69,4
DA:70,1
DA:72,4
DA:73,1
DA:76,4
DA:77,1
DA:80,3
DA:82,3
DA:84,3
DA:91,2
DA:92,2
DA:94,2
DA:99,3
DA:101,3
DA:105,2
DA:110,5
LF:47
LH:45
BRDA:29,0,0,1
BRDA:29,0,1,1
BRDA:32,1,0,0
BRDA:32,1,1,2
BRDA:36,2,0,1
BRDA:36,2,1,1
BRDA:39,3,0,1
BRDA:39,3,1,1
BRDA:43,4,0,1
BRDA:43,4,1,1
BRDA:62,5,0,1
BRDA:62,5,1,3
BRDA:65,6,0,0
BRDA:65,6,1,4
BRDA:69,7,0,1
BRDA:69,7,1,3
BRDA:72,8,0,1
BRDA:72,8,1,3
BRDA:76,9,0,1
BRDA:76,9,1,3
BRF:20
BRH:18
end_of_record
TN:
SF:models\reportModel.js
FN:4,(anonymous_0)
FN:8,(anonymous_1)
FN:16,(anonymous_2)
FN:23,(anonymous_3)
FN:32,(anonymous_4)
FNF:5
FNH:5
FNDA:9,(anonymous_0)
FNDA:1,(anonymous_1)
FNDA:4,(anonymous_2)
FNDA:2,(anonymous_3)
FNDA:2,(anonymous_4)
DA:1,5
DA:5,9
DA:9,1
DA:10,1
DA:11,1
DA:17,4
DA:18,4
DA:19,2
DA:24,2
DA:25,2
DA:26,2
DA:27,2
DA:33,2
DA:34,2
DA:35,2
DA:36,2
DA:37,1
DA:40,1
DA:42,1
DA:50,5
LF:20
LH:20
BRDA:36,0,0,1
BRDA:36,0,1,1
BRF:2
BRH:2
end_of_record
TN:
SF:routes\index.js
FN:8,(anonymous_0)
FNF:1
FNH:0
FNDA:0,(anonymous_0)
DA:1,5
DA:2,5
DA:3,5
DA:4,5
DA:5,5
DA:6,5
DA:8,5
DA:9,0
DA:12,5
DA:13,5
DA:14,5
DA:16,5
DA:18,5
DA:20,5
DA:22,5
LF:15
LH:14
BRF:0
BRH:0
end_of_record
TN:
SF:routes\quizRoutes.js
FNF:0
FNH:0
DA:1,5
DA:2,5
DA:3,5
DA:5,5
DA:7,5
DA:9,5
DA:11,5
DA:13,5
DA:17,5
LF:9
LH:9
BRF:0
BRH:0
end_of_record
TN:
SF:routes\reportRoutes.js
FNF:0
FNH:0
DA:1,5
DA:2,5
DA:4,5
DA:5,5
DA:6,5
DA:7,5
DA:9,5
LF:7
LH:7
BRF:0
BRH:0
end_of_record
TN:
SF:test\reports.helpers.js
FN:3,dummyReports
FN:23,isValidDate
FN:25,(anonymous_2)
FNF:3
FNH:3
FNDA:1,dummyReports
FNDA:7,isValidDate
FNDA:7,(anonymous_2)
DA:1,1
DA:4,1
DA:5,1
DA:6,5
DA:18,5
DA:20,1
DA:24,7
DA:25,7
DA:29,7
DA:31,7
DA:34,1
LF:11
LH:11
BRDA:9,0,0,3
BRDA:9,0,1,2
BRF:2
BRH:2
end_of_record
